<component name="libraryTable">
  <library name="JUnitParams-1.0.4">
    <CLASSES>
      <root url="jar://$MAVEN_REPOSITORY$/junitparams/JUnitParams-1.0.4.jar!/" />
    </CLASSES>
    <JAVADOC />
    <SOURCES />
  </library>
</component>